Actualizando pip...
Looking in indexes: https://pypi.org/simple, https://www.piwheels.org/simple
Requirement already satisfied: pip in ./.venv/lib/python3.11/site-packages (25.1.1)
Instalando dependencias...
Looking in indexes: https://pypi.org/simple, https://www.piwheels.org/simple
Requirement already satisfied: adafruit-circuitpython-tsl2591 in ./.venv/lib/python3.11/site-packages (from -r /home/pi/bike_sensores/requirements.txt (line 1)) (1.4.2)
Requirement already satisfied: adafruit-blinka in ./.venv/lib/python3.11/site-packages (from -r /home/pi/bike_sensores/requirements.txt (line 2)) (8.57.0)
Requirement already satisfied: adafruit-circuitpython-ads1x15 in ./.venv/lib/python3.11/site-packages (from -r /home/pi/bike_sensores/requirements.txt (line 3)) (2.4.3)
Requirement already satisfied: requests in /usr/lib/python3/dist-packages (from -r /home/pi/bike_sensores/requirements.txt (line 4)) (2.28.1)
Requirement already satisfied: bme680 in ./.venv/lib/python3.11/site-packages (from -r /home/pi/bike_sensores/requirements.txt (line 5)) (2.0.0)
Requirement already satisfied: numpy>=1.20 in /usr/lib/python3/dist-packages (from -r /home/pi/bike_sensores/requirements.txt (line 6)) (1.24.2)
Requirement already satisfied: adafruit-circuitpython-busdevice in ./.venv/lib/python3.11/site-packages (from adafruit-circuitpython-tsl2591->-r /home/pi/bike_sensores/requirements.txt (line 1)) (5.2.11)
Requirement already satisfied: Adafruit-PlatformDetect>=3.70.1 in ./.venv/lib/python3.11/site-packages (from adafruit-blinka->-r /home/pi/bike_sensores/requirements.txt (line 2)) (3.78.0)
Requirement already satisfied: Adafruit-PureIO>=1.1.7 in ./.venv/lib/python3.11/site-packages (from adafruit-blinka->-r /home/pi/bike_sensores/requirements.txt (line 2)) (1.1.11)
Requirement already satisfied: binho-host-adapter>=0.1.6 in ./.venv/lib/python3.11/site-packages (from adafruit-blinka->-r /home/pi/bike_sensores/requirements.txt (line 2)) (0.1.6)
Requirement already satisfied: pyftdi>=0.40.0 in ./.venv/lib/python3.11/site-packages (from adafruit-blinka->-r /home/pi/bike_sensores/requirements.txt (line 2)) (0.56.0)
Requirement already satisfied: adafruit-circuitpython-typing in ./.venv/lib/python3.11/site-packages (from adafruit-blinka->-r /home/pi/bike_sensores/requirements.txt (line 2)) (1.11.2)
Requirement already satisfied: sysv_ipc>=1.1.0 in ./.venv/lib/python3.11/site-packages (from adafruit-blinka->-r /home/pi/bike_sensores/requirements.txt (line 2)) (1.1.0)
Requirement already satisfied: typing-extensions~=4.0 in /usr/lib/python3/dist-packages (from adafruit-circuitpython-ads1x15->-r /home/pi/bike_sensores/requirements.txt (line 3)) (4.4.0)
Requirement already satisfied: smbus2 in /usr/lib/python3/dist-packages (from bme680->-r /home/pi/bike_sensores/requirements.txt (line 5)) (0.4.2)
Requirement already satisfied: pyserial in /usr/lib/python3/dist-packages (from binho-host-adapter>=0.1.6->adafruit-blinka->-r /home/pi/bike_sensores/requirements.txt (line 2)) (3.5)
Requirement already satisfied: pyusb!=1.2.0,>=1.0.0 in ./.venv/lib/python3.11/site-packages (from pyftdi>=0.40.0->adafruit-blinka->-r /home/pi/bike_sensores/requirements.txt (line 2)) (1.3.1)
Requirement already satisfied: adafruit-circuitpython-requests in ./.venv/lib/python3.11/site-packages (from adafruit-circuitpython-typing->adafruit-blinka->-r /home/pi/bike_sensores/requirements.txt (line 2)) (4.1.10)
Requirement already satisfied: Adafruit-Circuitpython-ConnectionManager in ./.venv/lib/python3.11/site-packages (from adafruit-circuitpython-requests->adafruit-circuitpython-typing->adafruit-blinka->-r /home/pi/bike_sensores/requirements.txt (line 2)) (3.1.3)
Ejecutando el script de envío de datos...
